[    00000] Linuversio4.55.0-51-neri (bbuildd@lgw01-amd64-059) (gcc version 7.3.0 (Ubuntu 7.3.0-16ubuntu3)) #55-Ubuntu SMP Wed May 15 14:27:21 UTC 2019 (Ubuntu 4.15.0-51.55-generic 4.15.18)
[    0.000000] Command line: BOOT_IMAGE=/boot/vmlinuz-4.15.0-51-generic root=UUID=1806cc24-2f59-4e29-97bf-ce6a7bfdf2d7 ro console=tty1 console=ttyS0
[    0.000000] KERNEL supported cpus:
[    0.000000]   Intel GenuineIntel
[    0.000000]   AMD AuthenticAMD
[    0.000000]   Centaur CentaurHauls
[    0.000000] x86/fpuSupporting XSAVE feature 0x001: 'x87 floating point regiers'
[  0.000000] x86/fpu: Supporting XSAVE feature 0x002: 'SSE registers'
[    0.000000] x86/fpu: Supporting XSAVE feature 0x004: 'AVX registers'
[    0.000000] x86/fpu: xstate_offset[2]:  576, xstate_sizes[2]:  256
[    0.000000] x86/fpu: Enabled xstate features 0x7, context size is 832 bytes, using 'standard' format.
[    0.000000] e820: BIOS-provided physical RAM map:
[    0.000000] BIOS-e820: [mem 0x0000000000000000-0x000000000009fbff] usable
[    0.000000] BIOS-e820: [mem 0x000000000009fc00-0x000000000009ffff] reserved
[    0.000000] BIOS-e820: [me0x000000000f0000-0x000000000fffff] reserved
[    0.0000] BIOS-e820: [mem 0x0000000100000-0x000003ffeff] usable
[    0.000000] BIOS-e820: [mem 0x000000003fff0000-0x000000003fffffff] ACPI data
[  0.000000] BIOS-e820: [mem 0x00000000fec00000-0x00000000fec00fff] reserved
[    0.000000] BIOS-e820: [mem 0x00000000fee00000-0x00000000fee00fff] reserved
[    0.000000] BIOS-e820: [mem 0x00000000fffc0000-0x00000000ffffffff] reserved
[    0.00000] NX (Execute Disable) protection: active
[    .0000000] SMBIOS 2.5 present.
[    0.000000] DMI: innotek GmbH VirtualBox/VirtualBox, BIOS Virtuaox 12/01/2006
[    0.000000] Hyerisor deteed: KVM
[    0.000000] e820: laspfn = 0x3fffmax_arch_pfn = 0x4000000
[   0.000000] MTR: Disabled[    0.000000] x86/PAT: MRR disabled, skipping PAT initialization too.
[    0.000000] CPU MTRRs all blank - virtualized system.
[    0.000000] x86/PAT: Configuration [0-7]: WB  WT  UC- UC  WB  WT  UC- UC  
[    0.000000] found SMP MP-table at [mem 0x0009fff0-0x0009ffff] mapped at [        (ptrval)]
[    0.000000] Scanning 1 areas for low memory corruption
[    0.000000] RAMDISK: [mem 0x359d3000-0x36ce0fff]
[    0.000000] ACPI: Early table checksum vefication disable
[    0.000000] ACPI: RSDP 0x0000000000E0000 00024 (v02 VBO )
[   .0000] ACPI: XSDT 0x000000003FFF0030 00003 (v01 VBOX   VBOXXDT 000001 ASL  00000061)
[    0.0000] ACPI: FACP 0x000000003FFF00F0 0000F4 (v04 VBOX   VBOXFACP 00000001 SL  00000061)
[    0.000000] ACPI: DSDT 0x000000003FFF0470 0021FF (v02 VBOX   VBOXBIOS 00000002 INTL 20100528)
[    0.000000] ACPI: FACS 0x000000003FFF0200 000040
[    0.000000] ACPI: FACS 0x000000003FFF0200 000040
[   0.00000] ACPI: APIC 0x000000003FFF0240 00005C (v02 VBOX   VBOXAPIC 00000001 ASL  00000061)
[    0.000000] ACPI: SSDT 0x000000003FFF02A0 0001CC (v01 VBOX   VBOXCPUT 00000002 INTL 20100528)
[    0.000000] No NUMA configuration ound
[    0.000000] Faking a node at [mem 0x0000000000000000-0x000000003ffeffff]
[    0.000000] NODE_DATA(0) allocated [mem 0x3ffc5000-0x3ffeffff]
[    0.000000] kvm-clock: cpu 0, msr 0:3ff44001, primary cpu clock
[    0.000000] kvm-clock: Using msrs 4b564d01 and 4b564d00
[    0.000000] kvm-clock: using sched offset of 6997426516 cycles
[    0.000000] clocksource: kvm-clock: mask: 0xffffffffffffffff max_cycles: 0x1cd42e4dffb, max_idle_ns: 881590591483 ns
[    0.000000] Zone ranges:
[    0.000000]   DMA      [mem 0x0000000000001000-0x0000000000ffffff]
[    0.000000]   DMA32    [mem 0x0000000001000000-0x000000003ffeffff]
[    0.000000]  Normal   empty
[    0.000000]   Device   empty
[    0.000000] Movable zone start for each node
[    0.000000] Early memory node ranges
[    0.000000]   node   0: [mem 0x0000000000001000-0x000000000009efff]
[    0.000000]   node   0: [mem 0x0000000000100000-0x000000003ffeffff]
[    0.000000] Reserved but unavailable: 114 pages
[    0.000000] Initmem setup node 0 [mem 0x0000000000001000-0x000000003ffeffff]
[    0.000000] CPI: P-Timer IO Port:0x4008
[    0.000000] IOAC[0]: apic_id 2, version 32, address 0xfec00000, GSI 0-23
[    0.000000] ACPI: INT_SRC_OVR (bus 0 bus_irq 0 global_irq 2 dfl dfl)
[    0.000000] ACPI: INT_SRC_OVR (bus 0 bus_irq 9 global_irq 9 low level)
[    0.000000] Using ACPI (MADT) for SMP configuration information
[    0.000000] smpboot: Allowing 2 CPUs, 0 hotplug CPUs
[    0.000000] PM: Registered nosave memory: [mem 0x00000000-0x00000fff]
[    0.000000] PM: Registered nosave memory: [mem 0x0009f000-0x0009ffff]
[    0.000000] PM: Registered nosave memory: [mem 0x000000-0x000effff]
[    0.000000] PM: Registered nosave memory: [mem 0x000f0000-0x000fffff]
[    0.000000] e820: [mem 0x40000000-0xfbffff] available for PCI devices
[  0.000000] Booting paravirtualized kernel on KVM
[  0.000000] clocksourc refined-jifes: mask: 0xffffffff max_cycles: ffffffff, max_idle_ns: 7645519600211568 ns
[    0.000000] rando gt_random_bytes called from start_kerel+0x99/0x4fd with crng_init=0
[    0.000000] setup_percpu: NR_CPUS:8192 nr_cpumask_bits:2 nr_cpu_ids:2 nr_node_ids:1
[    0.000000] percpu: Embedded 46 pages/cpu @        (ptrval) s151552 r8192 d28672 u1048576
[    0.000000] PV qspinlock hh tablenties: 256 (order: , 096 bytes)
[    0.00000 Built 1 zonelists, mobility grouping on.  Total pages: 257913
[    0.000000] Policy zone: DMA32
[    0.000000] Kernel command line: BOOT_IMAGE=/boot/vmlinuz-4.15.0-51-generic root=UUID=1806cc24-2f59-4e29-7bf-ce6a7bfdf2d7 ro console=tty1 console=ttyS0
[    0.000000] Memory: 983072K/1048120K available (12300K kernel code, 2473K rwdata, 4272K rodata, 2408K init, 2416K bss, 65048K reserved, 0K cma-reered)    0.000000] SLUB: HWalign=64, Order=0-3, MinObjects=0, CPUs=2, Nodes=1
[    0.000000] erel/Uerage tabs solation: abled
[    000000]trce aocati 3215 enies in 154 pages
[    0.004000] Hierarchical RCU implementation.
[    0.004000] 	RCU restricting CPUs from NR_CPUS=8192 to nr_cpu_ids=2.
[    0.004000] 	Tasks RCU enabled.
[    0.004000] RCU: Adjusting geometry for rcu_fanout_leaf=16, nr_cpu_ids=2
[    0.004000] NIRS: 524544, nr_irqs: 440, preallocated irqs: 16
[    0.004000] Console: colour VGA+ 80x25
[    0.004000] console [tty1] enabled
[    0.004000] console [ty0] enaed
[  0004000] ACPICore rison 20170831[    00400] ACPI: 2 ACPI AML tables successfully acquired and loaded
[    0.004000] APIC: Switch to symmetric I/O mode setup
[    0.004000] x2apic enabled
[    0.004000] Switched APIC routing to physical x2apic.
[    0.005581] ..TIMER: vector=0x30 apic1=0 pin1=2 apic2=-1 pin2=-1
[    0.008006] tsc: Detected 2303.998 MHz processor
[    0.012011] Calibrating delay loop (skipped) preset value.. 4607.99 BogoMIPS (lpj=9215992)
[    0.015523] pid_max: default: 32768 minimum: 301
[    0.016100] Security Framework initialized
[    0.020009] Yama: becoming mindful.
[    0.024043] AppArmor: AppArmor initialized
[    0.029509] Dentry cache hash table entries: 131072 (order: 8, 1048576 bytes)
[    0.032066] Inode-cache hash table entries: 65536 (order: 7, 524288 bytes)
[    0.036033] Mount-cache hash table entries: 2048 (order: 2, 16384 bytes)
[    0.040009] Mountpoint-cache hash table entries: 2048 (order: 2, 16384 bytes)
[    0.042089] mce: CPU supports 0 MCE banks
[    0.044015] Last level iTLB entries: 4KB 64, 2MB 8, 4MB 8
[    0.045461] Last level dTLB entries: 4KB 64, 2MB 0, 4MB 0, 1GB 4
[    0.048005] Spectre V2 : Mitigation: Full generic retpoline
[    0.049543] Spectre V2 : Spectre v2 / SpectreRSB mitigation: Filling RSB on context switch
[    0.052002] Speculative Store Bypass: Vulnerable
[    0.056046] MDS: Vulnerable: Clear CPU buffers attempted, no microcode
[    0.060091] Freeing SMP alternatives memory: 36K
[    0.064000] smpboot: CPU0: Intel(R) Core(TM) i5-7360U CPU @ 2.30GHz (family: 0x6, model: 0x8e, stepping: 0x9)
[    0.064078] Performance Events: unsupported p6 CPU model 142 no PMU driver, software events only.
[    0.068050] Hierarchical SRCU implementation.
[    0.069771] NMI watchdog: Perf event create on CPU 0 failed with -2
[    0.072002] NMI watchdog: Perf NMI watchdog permanently disabled
[    0.076056] smp: Bringing up secondary CPUs ...
[    0.080079] x86: Booting SMP configuration:
[    0.081243] .... node  #0, CPUs:      #1
[    0.004000] kvm-clock: cpu 1, msr 0:3ff44041, secondary cpu clock
[    0.004000] mce: CPU supports 0 MCE banks
[    0.092022] smp: Brought up 1 node, 2 CPUs
[    0.096012] smpboot: Max logical packages: 1
[    0.100004] smpboot: Total of 2 processors activated (9215.99 BogoMIPS)
[    0.104185] devtmpfs: initialized
[    0.104990] x86/mm: Memory block size: 128MB
[    0.106309] evm: security.selinux
[    0.108003] evm: security.SMACK64
[    0.109037] evm: security.SMACK64EXEC
[    0.110048] evm: security.SMACK64TRANSMUTE
[    0.112007] evm: security.SMACK64MMAP
[    0.113581] evm: security.apparmor
[    0.116005] evm: security.ima
[    0.120008] evm: security.capability
[    0.124118] clocksource: jiffies: mask: 0xffffffff max_cycles: 0xffffffff, max_idle_ns: 7645041785100000 ns
[    0.126561] futex hash table entries: 512 (order: 3, 32768 bytes)
[    0.128084] pinctrl core: initialized pinctrl subsystem
[    0.133436] RTC time:  4:52:02, date: 06/26/19
[    0.134902] NET: Registered protocol family 16
[    0.136076] audit: initializing netlink subsys (disabled)
[    0.140039] audit: type=2000 audit(1561524727.060:1): state=initialized audit_enabled=0 res=1
[    0.148013] cpuidle: using governor ladder
[    0.149352] cpuidle: using governor menu
[    0.152061] ACPI: bus type PCI registered
[    0.153508] acpiphp: ACPI Hot Plug PCI Controller Driver version: 0.5
[    0.156022] PCI: Using configuration type 1 for base access
[    0.160023] HugeTLB registered 2.00 MiB page size, pre-allocated 0 pages
[    0.164124] ACPI: Added _OSI(Module Device)
[    0.165286] ACPI: Added _OSI(Processor Device)
[    0.168012] ACPI: Added _OSI(3.0 _SCP Extensions)
[    0.169376] ACPI: Added _OSI(Processor Aggregator Device)
[    0.172011] ACPI: Added _OSI(Linux-Dell-Video)
[    0.176004] ACPI: Added _OSI(Linux-Lenovo-NV-HDMI-Audio)
[    0.180004] ACPI: Added _OSI(Linux-HPI-Hybrid-Graphics)
[    0.184398] ACPI: Executed 1 blocks of module-level executable AML code
[    0.190405] ACPI: Interpreter enabled
[    0.191458] ACPI: (supports S0 S5)
[    0.192003] ACPI: Using IOAPIC for interrupt routing
[    0.196202] PCI: Using host bridge windows from ACPI; if necessary, use "pci=nocrs" and report a bug
[    0.200228] ACPI: Enabled 2 GPEs in block 00 to 07
[    0.209069] ACPI: PCI Root Bridge [PCI0] (domain 0000 [bus 00-ff])
[    0.211478] acpi PNP0A03:00: _OSC: OS supports [ASPM ClockPM Segments MSI]
[    0.212036] acpi PNP0A03:00: _OSC: not requesting OS control; OS requires [ExtendedConfig ASPM ClockPM MSI]
[    0.216025] acpi PNP0A03:00: fail to add MMCONFIG information, can't access extended PCI configuration space under this bridge.
[    0.220660] PCI host bridge to bus 0000:00
[    0.224007] pci_bus 0000:00: root bus resource [io  0x0000-0x0cf7 window]
[    0.228005] pci_bus 0000:00: root bus resource [io  0x0d00-0xffff window]
[    0.232004] pci_bus 0000:00: root bus resource [mem 0x000a0000-0x000bffff window]
[    0.234064] pci_bus 0000:00: root bus resource [mem 0x40000000-0xfdffffff window]
[    0.236004] pci_bus 0000:00: root bus resource [bus 00-ff]
[    0.243086] pci 0000:00:01.1: legacy IDE quirk: reg 0x10: [io  0x01f0-0x01f7]
[    0.244004] pci 0000:00:01.1: legacy IDE quirk: reg 0x14: [io  0x03f6]
[    0.246202] pci 0000:00:01.1: legacy IDE quirk: reg 0x18: [io  0x0170-0x0177]
[    0.248009] pci 0000:00:01.1: legacy IDE quirk: reg 0x1c: [io  0x0376]
[    0.272493] pci 0000:00:07.0: quirk: [io  0x4000-0x403f] claimed by PIIX4 ACPI
[    0.274723] pci 0000:00:07.0: quirk: [io  0x4100-0x410f] claimed by PIIX4 SMB
[    0.288926] ACPI: PCI Interrupt Link [LNKA] (IRQs 5 9 10 *11)
[    0.292322] ACPI: PCI Interrupt Link [LNKB] (IRQs 5 9 *10 11)
[    0.296296] ACPI: PCI Interrupt Link [LNKC] (IRQs 5 *9 10 11)
[    0.297653] ACPI: PCI Interrupt Link [LNKD] (IRQs 5 9 10 *11)
[    0.299361] SCSI subsystem initialized
[    0.300098] pci 0000:00:02.0: vgaarb: setting as boot VGA device
[    0.301354] pci 0000:00:02.0: vgaarb: VGA device added: decodes=io+mem,owns=io+mem,locks=none
[    0.304011] pci 0000:00:02.0: vgaarb: bridge control possible
[    0.308003] vgaarb: loaded
[    0.308963] ACPI: bus type USB registered
[    0.312032] usbcore: registered new interface driver usbfs
[    0.316015] usbcore: registered new interface driver hub
[    0.320047] usbcore: registered new device driver usb
[    0.324102] EDAC MC: Ver: 3.0.0
[    0.325534] PCI: Using ACPI for IRQ routing
[    0.328476] NetLabel: Initializing
[    0.329366] NetLabel:  domain hash size = 128
[    0.330500] NetLabel:  protocols = UNLABELED CIPSOv4 CALIPSO
[    0.332019] NetLabel:  unlabeled traffic allowed by default
[    0.333568] clocksource: Switched to clocksource kvm-clock
[   .396 V: Disk quotas dquot_6.6.0
[    0.545078] VFS: Dquot-cache hash table entries: 512 (order 0, 4096 bytes)
[    0.547176] AppArmor: AppArmor Filesystm Enabled
[    0.591172] pnp: PnP ACPI init
[    0.595381] pnp: PnP ACPI: found 3 devices

[  0.612870] clocksource: acpi_pm: mask: 0xffffff max_cycles: 0xffffff, max_idle_ns: 2085701024 ns
[    0.661626] NET: Registered protocol famil 2
[    0.730683] TCP established hash table entries: 8192 (order: 4, 65536 bytes)
[    0.732644] TCP bind hash table entries: 8192 (order: 5, 131072 bytes)
[    0.734421] TCP: Hash tables configured (established 8192 bind 8192)
[    0.736173] UDP hash table entries: 512 (order: 2, 16384 bytes)[  0828] UDP-Liteha tleentries: 512 (order: 2, 16384 bytes)
[    1.083387] NET: Registered protocol family 1
[    1.087 p 0000:00:0. Litg irt I/PCI transfers
[    1.493733] pci 0000:00:01.0: Activating ISA DMA hang workarounds
[    1.495643] pci 000:00:02.0: Video eve th shadowed ROM at [mem0x000c0000-0x000dffff]
[    1.654392] Unpacking initramfs...

[    1.947762] Freeing initrd memory: 19512K
[    1.955214] clocksource: tsc: mask: 0xffffffffffffffff max_cycles: 0x2135f5e6f15, max_idle_ns: 440795231538 ns
[    1.963774] platform rtc_cmos: registered platform RTC device (no PNP device found)
[    1.987107] Scanning for low memory corruption every 60 seconds
[    1.989426] Initialise system trusted keyrings
[    2.001202] Key type blacklist registered
[    2.040973] workingset: timestamp_bits=36 max_order=18 bucket_order=0
[    2.073906] zbud: loaded
[    2.075215] squashfs: version 4.0 (2009/01/31) Phillip Lougher
[    2.083025] fuse init (API version 7.26)
[    2.098859] Key type asymmetric registered
[    2.099876] Asymmetric key parser 'x509' registered
[    2.100988] Block layer SCSI generic (bsg) driver version 0.4 loaded (major 246)
[    2.102623] io scheduler noop registered
[    2.124379] io scheduler deadline registered
[    2.153426] io scheduler cfq registered (default)
[    2.167753] ACPI: AC Adapter [AC] (off-line)
[    2.169376] input: Power Button as /devices/LNXSYSTM:00/LNXPWRBN:00/input/input0
[    2.193325] ACPI: Power Button [PWRF]
[    2.218545] input: Sleep Button as /devices/LNXSYSTM:00/LNXSLPBN:00/input/input1
[    2.282627] ACPI: Sleep Button [SLPF]
[    2.285709] ACPI: Battery Slot [BAT0] (battery present)
[    2.296442] Serial: 50160 rir,2 rt I sri enabled

[    2.771285] 00:02: tty0  I 0x3f8 (irq = 4, base_baud = 115200) is a 16550A

[    2.911265] Linux agpgart interface v0.103
[    2.915357] loop: module loaded
[    2.916656] scsi host0: ata_piix
[    2.935471] scsi host1: ata_piix
[    2.936651] ata1: PATA max UDMA/33 cmd 0x1f0 ctl 0x3f6 bmdma 0xd000 irq 14
[    2.947808] ata2: PATA max UDMA/33 cmd 0x170 ctl 0x376 bmdma 0xd008 irq 15
[    2.972908] libphy: Fixed MDIO Bus: probed
[    2.974105] tun: Universal TUN/TAP device driver, 1.6
[    2.989996] PPP generic driver version 2.4.2
[    3.008740] ehci_hcd: USB 2.0 'Enhanced' Host Controller (EHCI) Driver
[    3.010563] ehci-pci: EHCI PCI platform driver
[    3.011841] ehci-platform: EHCI generic platform driver
[    3.030334] ohci_hcd: USB 1.1 'Open' Host Controller (OHCI) Driver
[    3.032071] ohci-pci: OHCI PCI platform driver
[    3.037598] ohci-platform: OHCI generic platform driver
[    3.039059] uhci_hcd: USB Universal Host Controller Interface driver
[    3.040921] i8042: PNP: PS/2 Controller [PNP0303:PS2K,PNP0f03:PS2M] at 0x60,0x64 irq 1,12
[    3.062481] serio: i8042 KBD port at 0x60,0x64 irq 1
[    3.064143] serio: i8042 AUX port at 0x60,0x64 irq 12
[    3.065741] mousedev: PS/2 mouse device common for all mice
[    3.068143] rtc_cmos rtc_cmos: rtc core: registered rtc_cmos as rtc0
[    3.082374] input: AT Translated Set 2 keyboard as /devices/platform/i8042/serio0/input/input2
[    3.084246] rtc_cmos rtc_cmos: alarms up to one day, 114 bytes nvram
[    3.084263] i2c /dev entries driver
[    3.084341] device-mapper: uevent: version 1.0.3
[    3.084407] device-mapper: ioctl: 4.37.0-ioctl (2017-09-20) initialised: dm-devel@redhat.com
[    3.127464] ledtrig-cpu: registered to indicate activity on CPUs
[    3.193997] NET: Registered protocol family 10
[    3.198691] Segment Routing with IPv6
[    3.200104] NET: Registered protocol family 17
[    3.201538] Key type dns_resolver registered
[    3.223163] RAS: Correctable Errors collector initialized.
[    3.224826] sched_clock: Marking stable (3224807403, 0)->(7991502497, -4766695094)
[    3.227392] registered taskstats version 1
[    3.228693] Loading compiled-in X.509 certificates
[    3.232309] Loaded X.509 cert 'Build time autogenerated kernel key: c1fa4cde9d34780ae4ae655b856adc042b663c06'
[    3.283120] zswap: loaded using pool lzo/zbud
[    3.345833] Key type big_key registered
[    3.353191] Key type trusted registered
[    3.368378] Key type encrypted registered
[    3.398503] AppArmor: AppArmor sha1 policy hashing enabled
[    3.448629] ima: No TPM chip found, activating TPM-bypass! (rc=-19)
[    3.450452] ima: Allocated hash algorithm: sha1
[    3.452019] evm: HMAC attrs: 0x1
[    3.486108]   Magic number: 7:714:869
[    3.487389] rtc_cmos rtc_cmos: setting system clock to 2019-06-26 04:52:06 UTC (1561524726)
[    3.542872] BIOS EDD facility v0.16 2004-Jun-25, 0 devices found
[    3.563769] EDD information not available.
[    3.567238] Freeing unused kernel image memory: 2408K
[    3.588684] Write protecting the kernel read-only data: 20480k
[    3.619741] Freeing unused kernel image memory: 2008K
[    3.621600] Freeing unused kernel image memory: 1872K
[    3.737509] x86/mm: Checked W+X mappings: passed, no W+X pages found.
[    3.784886] x86/mm: Checking user space page tables
[    3.791042] x86/mm: Checked W+X mappings: passed, no W+X pages found.
Loading, please wait...
starting version 237
[    3.935426] e1000: Intel(R) PRO/1000 Network Driver - version 7.3.21-k8-NAPI
[    3.937054] e1000: Copyright (c) 1999-2006 Intel Corporation.
[    3.938904] Fusion MPT base driver 3.04.20
[    3.949065] Copyright (c) 1999-2008 LSI Corporation
[    3.958779] Fusion MPT SPI Host driver 3.04.20
[    3.967575] AVX2 version of gcm_enc/dec engaged.
[    3.977588] AES CTR mode by8 optimization enabled
[    4.166122] input: ImExPS/2 Generic Explorer Mouse as /devices/platform/i8042/serio1/input/input4
[    4.406647] e1000 0000:00:03.0 eth0: (PCI:33MHz:32-bit) 02:b8:5a:71:cd:59
[    4.466684] e1000 0000:00:03.0 eth0: Intel(R) PRO/1000 Network Connection
[    4.511844] mptbase: ioc0: Initiating bringup
[    4.608830] ioc0: LSI53C1030 A0: Capabilities={Initiator}
[    4.865300] scsi host2: ioc0: LSI53C1030 A0, FwRev=00000000h, Ports=1, MaxQ=256, IRQ=20
[    5.045947] scsi 2:0:0:0: Direct-Access     VBOX     HARDDISK         1.0  PQ: 0 ANSI: 5
[    5.084538] scsi target2:0:0: Beginning Domain Validation
[    5.146597] scsi target2:0:0: Domain Validation skipping write tests
[    5.179988] scsi target2:0:0: Ending Domain Validation
[    5.181830] scsi target2:0:0: asynchronous
[    5.183921] scsi 2:0:1:0: Direct-Access     VBOX     HARDDISK         1.0  PQ: 0 ANSI: 5
[    5.452407] scsi target2:0:1: Beginning Domain Validation
[    5.488340] random: fast init done
[    5.498773] scsi target2:0:1: Domain Validation skipping write tests
[    5.500445] scsi target2:0:1: Ending Domain Validation
[    5.502058] scsi target2:0:1: asynchronous
[    5.507138] random: systemd-udevd: uninitialized urandom read (16 bytes read)
[    5.507695] sd 2:0:0:0: Attached scsi generic sg0 type 0
[    5.507824] sd 2:0:1:0: Attached scsi generic sg1 type 0
[    5.515066] e1000 0000:00:08.0 eth1: (PCI:33MHz:32-bit) 08:00:27:3c:55:0e
[    5.515072] e1000 0000:00:08.0 eth1: Intel(R) PRO/1000 Network Connection
[    5.558900] random: systemd-udevd: uninitialized urandom read (16 bytes read)
[    5.586162] random: systemd-udevd: uninitialized urandom read (16 bytes read)
[    5.637429] sd 2:0:1:0: [sdb] 20480 512-byte logical blocks: (10.5 MB/10.0 MiB)
[    5.638565] e1000 0000:00:03.0 enp0s3: renamed from eth0
[    5.650225] sd 2:0:0:0: [sda] 20971520 512-byte logical blocks: (10.7 GB/10.0 GiB)
[    5.654968] sd 2:0:0:0: [sda] Write Protect is off
[    5.656434] sd 2:0:1:0: [sdb] Write Protect is off
[    5.657709] sd 2:0:0:0: [sda] Incomplete mode parameter data
[    5.658871] sd 2:0:0:0: [sda] Assuming drive cache: write through
[    5.660249] sd 2:0:1:0: [sdb] Incomplete mode parameter data
[    5.661036] e1000 0000:00:08.0 enp0s8: renamed from eth1
[    5.688543] sd 2:0:1:0: [sdb] Assuming drive cache: write through
[    5.692372]  sda: sda1
[    5.694453] sd 2:0:0:0: [sda] Attached SCSI disk
[    5.698401] sd 2:0:1:0: [sdb] Attached SCSI disk
Begin: Loading essential drivers ... [    7.116733] raid6: sse2x1   gen() 12105 MB/s
[    7.180087] raid6: sse2x1   xor()  5359 MB/s
[    7.228369] raid6: sse2x2   gen()  8796 MB/s
[    7.352184] raid6: sse2x2   xor() 10160 MB/s
[    7.400307] raid6: sse2x4   gen() 17262 MB/s
[    7.512274] raid6: sse2x4   xor() 10408 MB/s
[    7.596339] raid6: avx2x1   gen() 24443 MB/s
[    7.682111] raid6: avx2x1   xor() 17784 MB/s
[    7.808134] raid6: avx2x2   gen() 29363 MB/s
[    7.856166] raid6: avx2x2   xor() 18478 MB/s
[    7.964257] raid6: avx2x4   gen() 33921 MB/s
[    8.060088] raid6: avx2x4   xor() 19812 MB/s
[    8.061340] raid6: using algorithm avx2x4 gen() 33921 MB/s
[    8.062831] raid6: .... xor() 19812 MB/s, rmw enabled
[    8.083177] raid6: using avx2x2 recovery algorithm
[    8.124086] xor: automatically using best checksumming function   avx       
[    8.127242] async_tx: api initialized (async)
done.
Begin: Running /scripts/init-premount ... done.
Begin: Mounting root file system ... Begin: Running /scripts/local-top ... done.
Begin: Running /scripts/local-premount ... [    8.202074] Btrfs loaded, crc32c=crc32c-intel
Scanning for Btrfs filesystems
done.
Warning: fsck no[    8.278291] EXT4-fs (sda1): mounted filesystem with ordered data mode. Opts: (null)
t present, so skipping root file system
done.
Begin: Running /scripts/local-bottom ... done.
Begin: Running /scripts/init-bottom ... done.
[    8.885840] ip_tables: (C) 2000-2006 Netfilter Core Team
[    8.904078] systemd[1]: systemd 237 running in system mode. (+PAM +AUDIT +SELINUX +IMA +APPARMOR +SMACK +SYSVINIT +UTMP +LIBCRYPTSETUP +GCRYPT +GNUTLS +ACL +XZ +LZ4 +SECCOMP +BLKID +ELFUTILS +KMOD -IDN2 +IDN -PCRE2 default-hierarchy=hybrid)
[    9.282511] systemd[1]: Detected virtualization oracle.
[    9.314274] systemd[1]: Detected architecture x86-64.

Welcome to [1mUbuntu 18.04.2 LTS[0m!

[    9.327341] systemd[1]: Set hostname to <ubuntu-bionic>.
[   10.005309] systemd[1]: Set up automount Arbitrary Executable File Formats File System Automount Point.
[[0;32m  OK  [0m] Set up automount Arbitrary Executab…rmats File System Automount Point.
[   10.280124] systemd[1]: Created slice System Slice.
[[0;32m  OK  [0m] Created slice System Slice.
[   11.001187] systemd[1]: Listening on Network Service Netlink Socket.
[[0;32m  OK  [0m] Listening on Network Service Netlink Socket.
[   11.243005] systemd[1]: Listening on LVM2 poll daemon socket.
[[0;32m  OK  [0m] Listening on LVM2 poll daemon socket.
[   12.249264] systemd[1]: Listening on Device-mapper event daemon FIFOs.
[[0;32m  OK  [0m] Listening on Device-mapper event daemon FIFOs.
[   13.273586] systemd[1]: Listening on /dev/initctl Compatibility Named Pipe.
[[0;32m  OK  [0m] Listening on /dev/initctl Compatibility Named Pipe.
[   14.515208] systemd[1]: Listening on Journal Audit Socket.
[[0;32m  OK  [0m] Listening on Journal Audit Socket.
[   15.008856] systemd[1]: Listening on udev Control Socket.
[[0;32m  OK  [0m] Listening on udev Control Socket.
[   15.251987] systemd[1]: Created slice system-serial\x2dgetty.slice.
[[0;32m  OK  [0m] Created slice system-serial\x2dgetty.slice.
[   15.292975] systemd[1]: Created slice User and Session Slice.
[[0;32m  OK  [0m] Created slice User and Session Slice.
[   15.303195] systemd[1]: Reached target Slices.
[[0;32m  OK  [0m] Reached target Slices.
[   15.318031] systemd[1]: Listening on udev Kernel Socket.
[[0;32m  OK  [0m] Listening on udev Kernel Socket.
[   16.268719] systemd[1]: Started Forward Password Requests to Wall Directory Watch.
[[0;32m  OK  [0m] Started Forward Password Requests to Wall Directory Watch.
[   17.107649] systemd[1]: Listening on LVM2 metadata daemon socket.
[[0;32m  OK  [0m] Listening on LVM2 metadata daemon socket.
[   17.145263] systemd[1]: Reached target Swap.
[[0;32m  OK  [0m] Reached target Swap.
[   17.724755] systemd[1]: Reached target User and Group Name Lookups.
[[0;32m  OK  [0m] Reached target User and Group Name Lookups.
[[0;32m  OK  [0m] Listening on Journal Socket (/dev/log).
[[0;32m  OK  [0m] Reached target System Time Synchronized.
[[0;32m  OK  [0m] Listening on Journal Socket.
[   17.763390] random: crng init done
[   17.783388] random: 7 urandom warning(s) missed due to ratelimiting
         Starting Load Kernel Modules...
         Starting Create list of required st…ce nodes for the current kernel...
         Mounting Kernel Debug File System...
         Starting Remount Root and Kernel File Systems...
         [   17.821617] Loading iSCSI transport class v2.0-870.
Mounting Huge Pages File System...
         Starting udev Coldplug all Devices...
         Starting Monitoring of LVM2 mirrors…ng dmeventd or progress polling...
         Starting Uncomplicated firewall...
         Mounting POSIX Message Queue File System...
[   17.863767] iscsi: registered transport (tcp)
[   17.905381] iscsi: registered transport (iser)
         Starting Set the console keyboard layout...
[[0;32m  OK  [0m] Listening on Syslog Socket.
         Starting Journal Service...
[[0;32m  OK  [0m] Started Load Kernel Modules.
[[0;32m  OK  [0m] Started Create list of required sta…vice nodes for the current kernel.
[[0;32m  OK  [0m] Started Uncomplicated firewall.
         Starting Create Static Device Nodes in /dev...
         Starting Apply Kernel Variables...
         Mounting Kernel Configuration File System...
         Mounting FUSE Control File System...
[[0;32m  OK  [0m] Mounted Kernel Debug File System.
[[0;32m  OK  [0m] Mounted Huge Pages File System.
[[0;32m  OK  [0m] Mounted POSIX Message Queue File System.
[[0;32m  OK  [0m] Started udev Coldplug all Devices.
[[0;32m  OK  [0m] Mounted Kernel Configuration File System.
[[0;32m  OK  [0m] Mounted FUSE Control File System.
[[0;32m  OK  [0m] Started Journal Service.
[[0;32m  OK  [0m] Started Create Static Device Nodes in /dev.
[   18.186148] EXT4-fs (sda1): re-mounted. Opts: (null)
[[0;32m  OK  [0m] Started Remount Root and Kernel File Systems.
         Starting Flush Journal to Persistent Storage...
         Starting Load/Save Random Seed...
         Starting udev Kernel Device Manager...
         Starting Initial cloud-init job (pre-networking)...
[[0;32m  OK  [0m] Started Load/Save Random Seed.
[[0;32m  OK  [0m] Started LVM2 metadata daemon.
[[0;32m  OK  [0m] Started Apply Kernel Variables.
[[0;32m  OK  [0m] Started udev Kernel Device Manager.
[[0;32m  OK  [0m] Started Set the console keyboard layout.
[[0;32m  OK  [0m] Started Dispatch Password Requests to Console Directory Watch.
[[0;32m  OK  [0m] Reached target Local Encrypted Volumes.
[[0;32m  OK  [0m] Started Monitoring of LVM2 mirrors,…sing dmeventd or progress polling.
[[0;32m  OK  [0m] Reached target Local File Systems (Pre).
[[0;32m  OK  [0m] Reached target Local File Systems.
         Starting ebtables ruleset management...
         Starting Tell Plymouth To Write Out Runtime Data...
         Starting Set console font and keymap...
         Starting AppArmor initialization...
[[0;32m  OK  [0m] Started Tell Plymouth To Write Out Runtime Data.
[[0;32m  OK  [0m] Started Set console font and keymap.
[[0;32m  OK  [0m] Found device /dev/ttyS0.
[[0;32m  OK  [0m] Started Flush Journal to Persistent Storage.
         Starting Create Volatile Files and Directories...
[[0;32m  OK  [0m] Started ebtables ruleset management.
[[0;32m  OK  [0m] Started Create Volatile Files and Directories.
         Starting Update UTMP about System Boot/Shutdown...
[[0;32m  OK  [0m] Listening on Load/Save RF Kill Switch Status /dev/rfkill Watch.
[[0;32m  OK  [0m] Started Update UTMP about System Boot/Shutdown.
[[0;32m  OK  [0m] Started AppArmor initialization.
[   21.263391] cloud-init[431]: Cloud-init v. 18.5-45-g3554ffe8-0ubuntu1~18.04.1 running 'init-local' at Wed, 26 Jun 2019 04:52:24 +0000. Up 21.04 seconds.
[[0;32m  OK  [0m] Started Initial cloud-init job (pre-networking).
[[0;32m  OK  [0m] Reached target Network (Pre).
         Starting Network Service...
[[0;32m  OK  [0m] Started Network Service.
         Starting Network Name Resolution...
         Starting Wait for Network to be Configured...
[[0;32m  OK  [0m] Started Network Name Resolution.
[[0;32m  OK  [0m] Reached target Host and Network Name Lookups.
[[0;32m  OK  [0m] Reached target Network.
[[0;32m  OK  [0m] Started Wait for Network to be Configured.
         Starting Initial cloud-init job (metadata service crawler)...
[   23.221757] cloud-init[716]: Cloud-init v. 18.5-45-g3554ffe8-0ubuntu1~18.04.1 running 'init' at Wed, 26 Jun 2019 04:52:26 +0000. Up 23.04 seconds.
[   23.260954] cloud-init[716]: ci-info: ++++++++++++++++++++++++++++++++++++++Net device info+++++++++++++++++++++++++++++++++++++++
[   23.308692] cloud-init[716]: ci-info: +--------+------+-----------------------------+---------------+--------+-------------------+
[   23.356733] cloud-init[716]: ci-info: | Device |  Up  |           Address           |      Mask     | Scope  |     Hw-Address    |
[   23.406621] cloud-init[716]: ci-info: +--------+------+-----------------------------+---------------+--------+-------------------+
[   23.424373] cloud-init[716]: ci-info: | enp0s3 | True |          10.0.2.15          | 255.255.255.0 | global | 02:b8:5a:71:cd:59 |
[   23.432184] cloud-init[716]: ci-info: | enp0s3 | True |  fe80::b8:5aff:fe71:cd59/64 |       .       |  link  | 02:b8:5a:71:cd:59 |
[   23.464746] cloud-init[716]: ci-info: | enp0s8 | True |        192.168.33.10        | 255.255.255.0 | global | 08:00:27:3c:55:0e |
[   23.480368] cloud-init[716]: ci-info: | enp0s8 | True | fe80::a00:27ff:fe3c:550e/64 |       .       |  link  | 08:00:27:3c:55:0e |
[   23.506317] cloud-init[716]: ci-info: |   lo   | True |          127.0.0.1          |   255.0.0.0   |  host  |         .         |
[   23.515196] cloud-init[716]: ci-info: |   lo   | True |           ::1/128           |       .       |  host  |         .         |
[   23.523167] cloud-init[716]: ci-info: +--------+------+-----------------------------+---------------+--------+-------------------+
[   23.536838] cloud-init[716]: ci-info: +++++++++++++++++++++++++++++Route IPv4 info+++++++++++++++++++++++++++++
[   23.548632] cloud-init[716]: ci-info: +-------+--------------+----------+-----------------+-----------+-------+
[[0;32m  OK  [0m] Started Initial cloud-init job (metadata service crawler).
[[0;32m  OK  [0m] Reached target System Initialization.
[   23.574615] cloud-init[716]: ci-info: | Route | Destination  | Gateway  |     Genmask     | Interface | Flags |
[[0;32m  OK  [0m] Started Discard unused blocks once a week.
[   23.658025] cloud-init[716]: ci-info: +-------+--------------+----------+-----------------+-----------+-------+
[[0;32m  OK  [0m] Started ACPI Events Check.
[   23.724225]          Starting Socket activation for snappy daemon.
[[0;32m  OK  [0m] Started Message of the Day.
[[0;32m  OK  [0m] Listening on D-Bus System Message Bus Socket.
[[0;32m  OK  [0m] Listening on ACPID Listen Socket.
[[0;32m  OK  [0m] Listening on UUID daemon activation socket.
[[0;32m  OK  [0m] Started Daily Cleanup of Temporary Directories.
cloud-init[716]: ci-info: |   0   |   0.0.0.0    | 10.0.2.2 |     0.0.0.0     |   enp0s3  |   UG  |
         Starting LXD - unix socket.
[[0;32m  OK  [0m] Reached target Paths.
[[0;32m  OK  [0m] Started Daily apt download activities.
[[0;32m  OK  [0m] Listening on Open-iSCSI iscsid Socket.
[   23.830872] cloud-init[716]: ci-info: |   1   |   10.0.2.0   | 0.0.0.0  |  255.255.255.0  |   enp0s3  |   U   |
[   23.852463] cloud-init[716]: ci-info: |   2   |   10.0.2.2   | 0.0.0.0  | 255.255.255.255 |   enp0s3  |   UH  |
[[0;32m  OK  [0m] Started Daily apt upgrade and clean activities.
[[0;32m  OK  [0m] Reached target Timers.
[[0;32m  OK  [0m] Reached target Cloud-config availability.
[[0;32m  OK  [0m] Reached target Network is Online.
[   23.861613] cloud-init[716]: ci-info: |   3   | 192.168.33.0 | 0.0.0.0  |  255.255.255.0  |   enp0s8  |   U   |
         Starting Availability of block devices...
[[0;32m  OK  [0m] Reached target Remote File Systems (Pre).
[[0;32m  OK  [0m] Reached target Remote File Systems.
[[0;32m  OK  [0m] Listening on Socket activation for snappy daemon.
[[0;32m  OK  [0m] Listening on LXD - unix socket.
[   23.902108] cloud-init[716]: ci-info: +-------+--------------+----------+-----------------+-----------+-------+
[[0;32m  OK  [0m] Started Availability of block devices.
[[0;32m  OK  [0m] Reached target Sockets.
[[0;32m  OK  [0m] Reached target Basic System.
[[0;32m  OK  [0m] Started Deferred execution scheduler.
[   24.104887] cloud-init[716]: ci-info: +++++++++++++++++++Route IPv6 info+++++++++++++++++++
[[0;32m  OK  [0m] Started irqbalance daemon.
[   24.214778] cloud-init[716]: ci-info: +-------+-------------+---------+-----------+-------+         Starting Dispatcher daemon for systemd-networkd...
         Starting Permit User Sessions...
[[0;32m  OK  [0m] Started Regular background program processing daemon.

[[0;32m  OK  [0m] Started D-Bus System Message Bus.
[   24.246122] cloud-init[716]: ci-info: | Route | Destination | Gateway | Interface | Flags |
[   24.270711] cloud-init[716]: ci-info: +-------+-------------+---------+-----------+-------+
[   24.278188] cloud-init[716]: ci-info: |   1   |  fe80::/64  |    ::   |   enp0s3  |   U   |
[   24.287497] cloud-init[716]: ci-info: |   2   |  fe80::/64  |    ::   |   enp0s8  |   U   |
[   24.289742] cloud-init[716]: ci-info: |   4   |    local    |    ::   |   enp0s3  |   U   |
         Starting OpenBSD Secure Shell server...
[   24.313666] cloud-init         Starting System Logging Service...
[716]:          Starting Login Service...
ci-info: |   5   |    local    |    ::   |   enp0s8  |   U   |
         Starting LSB: automatic crash report generation...
[   24.321684] cloud-init[[0;32m  OK  [0m] Started FUSE filesystem for LXC.
         Starting vboxadd.service...
         Starting Accounts Service...
[716]: ci-info: |   6   |   ff00::/8  |    ::   |   enp0s3  |   U   |
         Starting LSB: Record successful boot for GRUB...
[   24.341223] cloud-init         Starting LXD - container startup/shutdown...
[716]: ci-info: |   7   |   ff00::/8  |    ::   |   enp0s8  |   U   |
[   24.352456] cloud-init[716]: ci-info: +-------+-------------+---------+-----------+-------+
         Starting Snappy daemon...
[[0;32m  OK  [0m] Started System Logging Service.
[[0;32m  OK  [0m] Started Permit User Sessions.
         Starting Terminate Plymouth Boot Screen...
         Starting Hold until boot process finishes up...
[[0;32m  OK  [0m] Started Hold until boot process finishes up.
         Starting Set console scheme...
[[0;32m  OK  [0m] Started Serial Getty on ttyS0.
[[0;32m  OK  [0m] Started OpenBSD Secure Shell server.
[[0;32m  OK  [0m] Started Terminate Plymouth Boot Screen.
[[0;32m  OK  [0m] Started Set console scheme.
[[0;32m  OK  [0m] Created slice system-getty.slice.
[[0;32m  OK  [0m] Started Getty on tty1.
[[0;32m  OK  [0m] Reached target Login Prompts.
         Starting Authorization Manager...
[[0;32m  OK  [0m] Started LSB: automatic crash report generation.
[[0;32m  OK  [0m] Started Login Service.
[[0;32m  OK  [0m] Started Unattended Upgrades Shutdown.
[[0;32m  OK  [0m] Started LSB: Record successful boot for GRUB.
[[0;32m  OK  [0m] Started Authorization Manager.
[[0;32m  OK  [0m] Started Accounts Service.
[[0;32m  OK  [0m] Started LXD - container startup/shutdown.
[[0;32m  OK  [0m] Started Dispatcher daemon for systemd-networkd.
[[0;32m  OK  [0m] Started Snappy daemon.
         Starting Wait until snapd is fully seeded...
[[0;32m  OK  [0m] Started Wait until snapd is fully seeded.
[[0;32m  OK  [0m] Started vboxadd.service.
         Starting vboxadd-service.service...
         Starting Apply the settings specified in cloud-config...
[[0;32m  OK  [0m] Started vboxadd-service.service.
[[0;32m  OK  [0m] Reached target Multi-User System.
[[0;32m  OK  [0m] Reached target Graphical Interface.
         Starting Update UTMP about System Runlevel Changes...
[[0;32m  OK  [0m] Started Update UTMP about System Runlevel Changes.
[   25.787090] cloud-init[1157]: Cloud-init v. 18.5-45-g3554ffe8-0ubuntu1~18.04.1 running 'modules:config' at Wed, 26 Jun 2019 04:52:28 +0000. Up 25.69 seconds.
[[0;32m  OK  [0m] Started Apply the settings specified in cloud-config.
         Starting Execute cloud user/final scripts...
[[0;32m  OK  [0m] Created slice User Slice of vagrant.
         Starting User Manager for UID 1000...
[[0;32m  OK  [0m] Started Session 1 of user vagrant.
[[0;32m  OK  [0m] Started User Manager for UID 1000.
[   26.458524] cloud-init[1231]: Cloud-init v. 18.5-45-g3554ffe8-0ubuntu1~18.04.1 running 'modules:final' at Wed, 26 Jun 2019 04:52:29 +0000. Up 26.30 seconds.
[[0;32m  OK  [0m] Started Execute cloud user/final scripts.
[   26.550163] [[0;32m  OK  [0m] Reached target Cloud-init target.
cloud-init[1231]: Cloud-init v. 18.5-45-g3554ffe8-0ubuntu1~18.04.1 finished at Wed, 26 Jun 2019 04:52:29 +0000. Datasource DataSourceNoCloud [seed=/dev/sdb][dsmode=net].  Up 26.43 seconds

Ubuntu 18.04.2 LTS ubuntu-bionic ttyS0

ubuntu-bionic login: [ 5401.102938] e1000 0000:00:03.0 enp0s3: Detected Tx Unit Hang
[ 5401.102938]   Tx Queue             <0>
[ 5401.102938]   TDH                  <ec>
[ 5401.102938]   TDT                  <ef>
[ 5401.102938]   next_to_use          <ef>
[ 5401.102938]   next_to_clean        <ec>
[ 5401.102938] buffer_info[next_to_clean]
[ 5401.102938]   time_stamp           <100137483>
[ 5401.102938]   next_to_watch        <ee>
[ 5401.102938]   jiffies              <100137728>
[ 5401.102938]   next_to_watch.status <0>
[ 5403.118673] e1000 0000:00:03.0 enp0s3: Detected Tx Unit Hang
[ 5403.118673]   Tx Queue             <0>
[ 5403.118673]   TDH                  <ec>
[ 5403.118673]   TDT                  <ef>
[ 5403.118673]   next_to_use          <ef>
[ 5403.118673]   next_to_clean        <ec>
[ 5403.118673] buffer_info[next_to_clean]
[ 5403.118673]   time_stamp           <100137483>
[ 5403.118673]   next_to_watch        <ee>
[ 5403.118673]   jiffies              <100137920>
[ 5403.118673]   next_to_watch.status <0>
[ 5405.134737] e1000 0000:00:03.0 enp0s3: Detected Tx Unit Hang
[ 5405.134737]   Tx Queue             <0>
[ 5405.134737]   TDH                  <ec>
[ 5405.134737]   TDT                  <ef>
[ 5405.134737]   next_to_use          <ef>
[ 5405.134737]   next_to_clean        <ec>
[ 5405.134737] buffer_info[next_to_clean]
[ 5405.134737]   time_stamp           <100137483>
[ 5405.134737]   next_to_watch        <ee>
[ 5405.134737]   jiffies              <100137b18>
[ 5405.134737]   next_to_watch.status <0>
[ 5406.319532] e1000 0000:00:03.0 enp0s3: Reset adapter
